2023-06-17 01:33:15.594  INFO [reservation-ms,,] 9432 --- [main] c.v.reservation.ReservationApplication   : Starting ReservationApplication using Java 18.0.2 on Vuk with PID 9432 (C:\Users\One\Desktop\F\4.godina\2. semestar\XML i web servisi\Projekat\reservation-ms\target\classes started by Vuk in C:\Users\One\Desktop\F\4.godina\2. semestar\XML i web servisi\Projekat\reservation-ms)
2023-06-17 01:33:15.600  INFO [reservation-ms,,] 9432 --- [main] c.v.reservation.ReservationApplication   : No active profile set, falling back to 1 default profile: "default"
2023-06-17 01:33:16.689  INFO [reservation-ms,,] 9432 --- [main] .s.d.r.c.RepositoryConfigurationDelegate : Bootstrapping Spring Data MongoDB repositories in DEFAULT mode.
2023-06-17 01:33:16.750  INFO [reservation-ms,,] 9432 --- [main] .s.d.r.c.RepositoryConfigurationDelegate : Finished Spring Data repository scanning in 56 ms. Found 2 MongoDB repository interfaces.
2023-06-17 01:33:16.932  INFO [reservation-ms,,] 9432 --- [main] o.s.cloud.context.scope.GenericScope     : BeanFactory id=8742ee29-bda3-38c1-9ab2-955d6f7d0e0b
2023-06-17 01:33:17.561  INFO [reservation-ms,,] 9432 --- [main] o.s.b.w.embedded.tomcat.TomcatWebServer  : Tomcat initialized with port(s): 8084 (http)
2023-06-17 01:33:17.569  INFO [reservation-ms,,] 9432 --- [main] o.apache.catalina.core.StandardService   : Starting service [Tomcat]
2023-06-17 01:33:17.570  INFO [reservation-ms,,] 9432 --- [main] org.apache.catalina.core.StandardEngine  : Starting Servlet engine: [Apache Tomcat/9.0.60]
2023-06-17 01:33:17.720  INFO [reservation-ms,,] 9432 --- [main] o.a.c.c.C.[Tomcat].[localhost].[/]       : Initializing Spring embedded WebApplicationContext
2023-06-17 01:33:17.720  INFO [reservation-ms,,] 9432 --- [main] w.s.c.ServletWebServerApplicationContext : Root WebApplicationContext: initialization completed in 2070 ms
2023-06-17 01:33:18.577  INFO [reservation-ms,,] 9432 --- [main] org.mongodb.driver.cluster               : Cluster created with settings {hosts=[127.0.0.1:27017], srvHost=cluster0.6nsw30j.mongodb.net, mode=MULTIPLE, requiredClusterType=REPLICA_SET, serverSelectionTimeout='30000 ms', requiredReplicaSetName='atlas-12ttyb-shard-0'}
2023-06-17 01:33:18.605  INFO [reservation-ms,,] 9432 --- [cluster-ClusterId{value='648cf13e820d302dad61317d', description='null'}-srv-cluster0.6nsw30j.mongodb.net] org.mongodb.driver.cluster               : Adding discovered server ac-kqsdrzl-shard-00-01.6nsw30j.mongodb.net:27017 to client view of cluster
2023-06-17 01:33:18.644  INFO [reservation-ms,,] 9432 --- [cluster-ClusterId{value='648cf13e820d302dad61317d', description='null'}-srv-cluster0.6nsw30j.mongodb.net] org.mongodb.driver.cluster               : Adding discovered server ac-kqsdrzl-shard-00-00.6nsw30j.mongodb.net:27017 to client view of cluster
2023-06-17 01:33:18.646  INFO [reservation-ms,,] 9432 --- [cluster-ClusterId{value='648cf13e820d302dad61317d', description='null'}-srv-cluster0.6nsw30j.mongodb.net] org.mongodb.driver.cluster               : Adding discovered server ac-kqsdrzl-shard-00-02.6nsw30j.mongodb.net:27017 to client view of cluster
2023-06-17 01:33:19.499  INFO [reservation-ms,,] 9432 --- [cluster-rtt-ClusterId{value='648cf13e820d302dad61317d', description='null'}-ac-kqsdrzl-shard-00-01.6nsw30j.mongodb.net:27017] org.mongodb.driver.connection            : Opened connection [connectionId{localValue:6, serverValue:49370}] to ac-kqsdrzl-shard-00-01.6nsw30j.mongodb.net:27017
2023-06-17 01:33:19.500  INFO [reservation-ms,,] 9432 --- [cluster-rtt-ClusterId{value='648cf13e820d302dad61317d', description='null'}-ac-kqsdrzl-shard-00-02.6nsw30j.mongodb.net:27017] org.mongodb.driver.connection            : Opened connection [connectionId{localValue:2, serverValue:44414}] to ac-kqsdrzl-shard-00-02.6nsw30j.mongodb.net:27017
2023-06-17 01:33:20.405  INFO [reservation-ms,,] 9432 --- [main] o.s.b.a.e.web.EndpointLinksResolver      : Exposing 1 endpoint(s) beneath base path '/actuator'
2023-06-17 01:33:20.472  INFO [reservation-ms,,] 9432 --- [main] o.s.b.w.embedded.tomcat.TomcatWebServer  : Tomcat started on port(s): 8084 (http) with context path ''
2023-06-17 01:33:20.727  INFO [reservation-ms,,] 9432 --- [main] n.d.b.g.s.s.AbstractGrpcServerFactory    : Registered gRPC service: com.vima.gateway.ReservationService, bean: reservationGrpcService, class: com.vima.reservation.grpc_service.ReservationGrpcService
2023-06-17 01:33:20.942  INFO [reservation-ms,,] 9432 --- [main] n.d.b.g.s.s.GrpcServerLifecycle          : gRPC Server started, listening on address: *, port: 9094
2023-06-17 01:33:20.973  INFO [reservation-ms,,] 9432 --- [main] c.v.reservation.ReservationApplication   : Started ReservationApplication in 6.029 seconds (JVM running for 6.557)
2023-06-17 01:33:21.004  INFO [reservation-ms,,] 9432 --- [cluster-ClusterId{value='648cf13e820d302dad61317d', description='null'}-ac-kqsdrzl-shard-00-01.6nsw30j.mongodb.net:27017] org.mongodb.driver.connection            : Opened connection [connectionId{localValue:1, serverValue:49370}] to ac-kqsdrzl-shard-00-01.6nsw30j.mongodb.net:27017
2023-06-17 01:33:21.004  INFO [reservation-ms,,] 9432 --- [cluster-ClusterId{value='648cf13e820d302dad61317d', description='null'}-ac-kqsdrzl-shard-00-01.6nsw30j.mongodb.net:27017] org.mongodb.driver.cluster               : Monitor thread successfully connected to server with description ServerDescription{address=ac-kqsdrzl-shard-00-01.6nsw30j.mongodb.net:27017, type=REPLICA_SET_PRIMARY, state=CONNECTED, ok=true, minWireVersion=0, maxWireVersion=17, maxDocumentSize=16777216, logicalSessionTimeoutMinutes=30, roundTripTimeNanos=1993670000, setName='atlas-12ttyb-shard-0', canonicalAddress=ac-kqsdrzl-shard-00-01.6nsw30j.mongodb.net:27017, hosts=[ac-kqsdrzl-shard-00-00.6nsw30j.mongodb.net:27017, ac-kqsdrzl-shard-00-01.6nsw30j.mongodb.net:27017, ac-kqsdrzl-shard-00-02.6nsw30j.mongodb.net:27017], passives=[], arbiters=[], primary='ac-kqsdrzl-shard-00-01.6nsw30j.mongodb.net:27017', tagSet=TagSet{[Tag{name='nodeType', value='ELECTABLE'}, Tag{name='provider', value='AWS'}, Tag{name='region', value='US_EAST_1'}, Tag{name='workloadType', value='OPERATIONAL'}]}, electionId=7fffffff000000000000018f, setVersion=8, topologyVersion=TopologyVersion{processId=648b29f9565de12fa44adc6d, counter=6}, lastWriteDate=Sat Jun 17 01:33:23 CEST 2023, lastUpdateTimeNanos=16450667227300}
2023-06-17 01:33:21.009  INFO [reservation-ms,,] 9432 --- [cluster-ClusterId{value='648cf13e820d302dad61317d', description='null'}-ac-kqsdrzl-shard-00-01.6nsw30j.mongodb.net:27017] org.mongodb.driver.cluster               : Setting max election id to 7fffffff000000000000018f from replica set primary ac-kqsdrzl-shard-00-01.6nsw30j.mongodb.net:27017
2023-06-17 01:33:21.009  INFO [reservation-ms,,] 9432 --- [cluster-ClusterId{value='648cf13e820d302dad61317d', description='null'}-ac-kqsdrzl-shard-00-01.6nsw30j.mongodb.net:27017] org.mongodb.driver.cluster               : Setting max set version to 8 from replica set primary ac-kqsdrzl-shard-00-01.6nsw30j.mongodb.net:27017
2023-06-17 01:33:21.009  INFO [reservation-ms,,] 9432 --- [cluster-ClusterId{value='648cf13e820d302dad61317d', description='null'}-ac-kqsdrzl-shard-00-01.6nsw30j.mongodb.net:27017] org.mongodb.driver.cluster               : Discovered replica set primary ac-kqsdrzl-shard-00-01.6nsw30j.mongodb.net:27017
2023-06-17 01:33:21.092  INFO [reservation-ms,,] 9432 --- [cluster-rtt-ClusterId{value='648cf13e820d302dad61317d', description='null'}-ac-kqsdrzl-shard-00-00.6nsw30j.mongodb.net:27017] org.mongodb.driver.connection            : Opened connection [connectionId{localValue:5, serverValue:48307}] to ac-kqsdrzl-shard-00-00.6nsw30j.mongodb.net:27017
2023-06-17 01:33:29.107  INFO [reservation-ms,,] 9432 --- [cluster-ClusterId{value='648cf13e820d302dad61317d', description='null'}-ac-kqsdrzl-shard-00-00.6nsw30j.mongodb.net:27017] org.mongodb.driver.cluster               : Exception in monitor thread while connecting to server ac-kqsdrzl-shard-00-00.6nsw30j.mongodb.net:27017

com.mongodb.MongoSocketWriteException: Exception sending message
	at com.mongodb.internal.connection.InternalStreamConnection.translateWriteException(InternalStreamConnection.java:689) ~[mongodb-driver-core-4.4.2.jar:na]
	at com.mongodb.internal.connection.InternalStreamConnection.sendMessage(InternalStreamConnection.java:560) ~[mongodb-driver-core-4.4.2.jar:na]
	at com.mongodb.internal.connection.InternalStreamConnection.sendCommandMessage(InternalStreamConnection.java:386) ~[mongodb-driver-core-4.4.2.jar:na]
	at com.mongodb.internal.connection.InternalStreamConnection.sendAndReceive(InternalStreamConnection.java:335) ~[mongodb-driver-core-4.4.2.jar:na]
	at com.mongodb.internal.connection.CommandHelper.sendAndReceive(CommandHelper.java:96) ~[mongodb-driver-core-4.4.2.jar:na]
	at com.mongodb.internal.connection.CommandHelper.executeCommand(CommandHelper.java:44) ~[mongodb-driver-core-4.4.2.jar:na]
	at com.mongodb.internal.connection.InternalStreamConnectionInitializer.initializeConnectionDescription(InternalStreamConnectionInitializer.java:131) ~[mongodb-driver-core-4.4.2.jar:na]
	at com.mongodb.internal.connection.InternalStreamConnectionInitializer.startHandshake(InternalStreamConnectionInitializer.java:73) ~[mongodb-driver-core-4.4.2.jar:na]
	at com.mongodb.internal.connection.InternalStreamConnection.open(InternalStreamConnection.java:182) ~[mongodb-driver-core-4.4.2.jar:na]
	at com.mongodb.internal.connection.DefaultServerMonitor$ServerMonitorRunnable.lookupServerDescription(DefaultServerMonitor.java:188) ~[mongodb-driver-core-4.4.2.jar:na]
	at com.mongodb.internal.connection.DefaultServerMonitor$ServerMonitorRunnable.run(DefaultServerMonitor.java:152) ~[mongodb-driver-core-4.4.2.jar:na]
	at java.base/java.lang.Thread.run(Thread.java:833) ~[na:na]
Caused by: java.net.SocketTimeoutException: Read timed out
	at java.base/sun.nio.ch.NioSocketImpl.timedRead(NioSocketImpl.java:280) ~[na:na]
	at java.base/sun.nio.ch.NioSocketImpl.implRead(NioSocketImpl.java:306) ~[na:na]
	at java.base/sun.nio.ch.NioSocketImpl.read(NioSocketImpl.java:347) ~[na:na]
	at java.base/sun.nio.ch.NioSocketImpl$1.read(NioSocketImpl.java:800) ~[na:na]
	at java.base/java.net.Socket$SocketInputStream.read(Socket.java:966) ~[na:na]
	at java.base/sun.security.ssl.SSLSocketInputRecord.read(SSLSocketInputRecord.java:478) ~[na:na]
	at java.base/sun.security.ssl.SSLSocketInputRecord.readHeader(SSLSocketInputRecord.java:472) ~[na:na]
	at java.base/sun.security.ssl.SSLSocketInputRecord.decode(SSLSocketInputRecord.java:160) ~[na:na]
	at java.base/sun.security.ssl.SSLTransport.decode(SSLTransport.java:111) ~[na:na]
	at java.base/sun.security.ssl.SSLSocketImpl.decode(SSLSocketImpl.java:1505) ~[na:na]
	at java.base/sun.security.ssl.SSLSocketImpl.readHandshakeRecord(SSLSocketImpl.java:1420) ~[na:na]
	at java.base/sun.security.ssl.SSLSocketImpl.startHandshake(SSLSocketImpl.java:455) ~[na:na]
	at java.base/sun.security.ssl.SSLSocketImpl.ensureNegotiated(SSLSocketImpl.java:920) ~[na:na]
	at java.base/sun.security.ssl.SSLSocketImpl$AppOutputStream.write(SSLSocketImpl.java:1290) ~[na:na]
	at com.mongodb.internal.connection.SocketStream.write(SocketStream.java:99) ~[mongodb-driver-core-4.4.2.jar:na]
	at com.mongodb.internal.connection.InternalStreamConnection.sendMessage(InternalStreamConnection.java:557) ~[mongodb-driver-core-4.4.2.jar:na]
	... 10 common frames omitted

2023-06-17 01:33:29.107  INFO [reservation-ms,,] 9432 --- [cluster-ClusterId{value='648cf13e820d302dad61317d', description='null'}-ac-kqsdrzl-shard-00-02.6nsw30j.mongodb.net:27017] org.mongodb.driver.cluster               : Exception in monitor thread while connecting to server ac-kqsdrzl-shard-00-02.6nsw30j.mongodb.net:27017

com.mongodb.MongoSocketWriteException: Exception sending message
	at com.mongodb.internal.connection.InternalStreamConnection.translateWriteException(InternalStreamConnection.java:689) ~[mongodb-driver-core-4.4.2.jar:na]
	at com.mongodb.internal.connection.InternalStreamConnection.sendMessage(InternalStreamConnection.java:560) ~[mongodb-driver-core-4.4.2.jar:na]
	at com.mongodb.internal.connection.InternalStreamConnection.sendCommandMessage(InternalStreamConnection.java:386) ~[mongodb-driver-core-4.4.2.jar:na]
	at com.mongodb.internal.connection.InternalStreamConnection.sendAndReceive(InternalStreamConnection.java:335) ~[mongodb-driver-core-4.4.2.jar:na]
	at com.mongodb.internal.connection.CommandHelper.sendAndReceive(CommandHelper.java:96) ~[mongodb-driver-core-4.4.2.jar:na]
	at com.mongodb.internal.connection.CommandHelper.executeCommand(CommandHelper.java:44) ~[mongodb-driver-core-4.4.2.jar:na]
	at com.mongodb.internal.connection.InternalStreamConnectionInitializer.initializeConnectionDescription(InternalStreamConnectionInitializer.java:131) ~[mongodb-driver-core-4.4.2.jar:na]
	at com.mongodb.internal.connection.InternalStreamConnectionInitializer.startHandshake(InternalStreamConnectionInitializer.java:73) ~[mongodb-driver-core-4.4.2.jar:na]
	at com.mongodb.internal.connection.InternalStreamConnection.open(InternalStreamConnection.java:182) ~[mongodb-driver-core-4.4.2.jar:na]
	at com.mongodb.internal.connection.DefaultServerMonitor$ServerMonitorRunnable.lookupServerDescription(DefaultServerMonitor.java:188) ~[mongodb-driver-core-4.4.2.jar:na]
	at com.mongodb.internal.connection.DefaultServerMonitor$ServerMonitorRunnable.run(DefaultServerMonitor.java:152) ~[mongodb-driver-core-4.4.2.jar:na]
	at java.base/java.lang.Thread.run(Thread.java:833) ~[na:na]
Caused by: java.net.SocketTimeoutException: Read timed out
	at java.base/sun.nio.ch.NioSocketImpl.timedRead(NioSocketImpl.java:280) ~[na:na]
	at java.base/sun.nio.ch.NioSocketImpl.implRead(NioSocketImpl.java:306) ~[na:na]
	at java.base/sun.nio.ch.NioSocketImpl.read(NioSocketImpl.java:347) ~[na:na]
	at java.base/sun.nio.ch.NioSocketImpl$1.read(NioSocketImpl.java:800) ~[na:na]
	at java.base/java.net.Socket$SocketInputStream.read(Socket.java:966) ~[na:na]
	at java.base/sun.security.ssl.SSLSocketInputRecord.read(SSLSocketInputRecord.java:478) ~[na:na]
	at java.base/sun.security.ssl.SSLSocketInputRecord.readHeader(SSLSocketInputRecord.java:472) ~[na:na]
	at java.base/sun.security.ssl.SSLSocketInputRecord.decode(SSLSocketInputRecord.java:160) ~[na:na]
	at java.base/sun.security.ssl.SSLTransport.decode(SSLTransport.java:111) ~[na:na]
	at java.base/sun.security.ssl.SSLSocketImpl.decode(SSLSocketImpl.java:1505) ~[na:na]
	at java.base/sun.security.ssl.SSLSocketImpl.readHandshakeRecord(SSLSocketImpl.java:1420) ~[na:na]
	at java.base/sun.security.ssl.SSLSocketImpl.startHandshake(SSLSocketImpl.java:455) ~[na:na]
	at java.base/sun.security.ssl.SSLSocketImpl.ensureNegotiated(SSLSocketImpl.java:920) ~[na:na]
	at java.base/sun.security.ssl.SSLSocketImpl$AppOutputStream.write(SSLSocketImpl.java:1290) ~[na:na]
	at com.mongodb.internal.connection.SocketStream.write(SocketStream.java:99) ~[mongodb-driver-core-4.4.2.jar:na]
	at com.mongodb.internal.connection.InternalStreamConnection.sendMessage(InternalStreamConnection.java:557) ~[mongodb-driver-core-4.4.2.jar:na]
	... 10 common frames omitted

2023-06-17 01:33:42.531  INFO [reservation-ms,,] 9432 --- [cluster-ClusterId{value='648cf13e820d302dad61317d', description='null'}-ac-kqsdrzl-shard-00-00.6nsw30j.mongodb.net:27017] org.mongodb.driver.connection            : Opened connection [connectionId{localValue:8, serverValue:48308}] to ac-kqsdrzl-shard-00-00.6nsw30j.mongodb.net:27017
2023-06-17 01:33:42.532  INFO [reservation-ms,,] 9432 --- [cluster-ClusterId{value='648cf13e820d302dad61317d', description='null'}-ac-kqsdrzl-shard-00-00.6nsw30j.mongodb.net:27017] org.mongodb.driver.cluster               : Monitor thread successfully connected to server with description ServerDescription{address=ac-kqsdrzl-shard-00-00.6nsw30j.mongodb.net:27017, type=REPLICA_SET_SECONDARY, state=CONNECTED, ok=true, minWireVersion=0, maxWireVersion=17, maxDocumentSize=16777216, logicalSessionTimeoutMinutes=30, roundTripTimeNanos=266507400, setName='atlas-12ttyb-shard-0', canonicalAddress=ac-kqsdrzl-shard-00-00.6nsw30j.mongodb.net:27017, hosts=[ac-kqsdrzl-shard-00-00.6nsw30j.mongodb.net:27017, ac-kqsdrzl-shard-00-01.6nsw30j.mongodb.net:27017, ac-kqsdrzl-shard-00-02.6nsw30j.mongodb.net:27017], passives=[], arbiters=[], primary='ac-kqsdrzl-shard-00-01.6nsw30j.mongodb.net:27017', tagSet=TagSet{[Tag{name='nodeType', value='ELECTABLE'}, Tag{name='provider', value='AWS'}, Tag{name='region', value='US_EAST_1'}, Tag{name='workloadType', value='OPERATIONAL'}]}, electionId=null, setVersion=8, topologyVersion=TopologyVersion{processId=648b28985b9fb5a48fdf5841, counter=4}, lastWriteDate=Sat Jun 17 01:33:45 CEST 2023, lastUpdateTimeNanos=16472194395499}
2023-06-17 01:33:42.534  INFO [reservation-ms,,] 9432 --- [cluster-ClusterId{value='648cf13e820d302dad61317d', description='null'}-ac-kqsdrzl-shard-00-02.6nsw30j.mongodb.net:27017] org.mongodb.driver.connection            : Opened connection [connectionId{localValue:7, serverValue:44420}] to ac-kqsdrzl-shard-00-02.6nsw30j.mongodb.net:27017
2023-06-17 01:33:42.535  INFO [reservation-ms,,] 9432 --- [cluster-ClusterId{value='648cf13e820d302dad61317d', description='null'}-ac-kqsdrzl-shard-00-02.6nsw30j.mongodb.net:27017] org.mongodb.driver.cluster               : Monitor thread successfully connected to server with description ServerDescription{address=ac-kqsdrzl-shard-00-02.6nsw30j.mongodb.net:27017, type=REPLICA_SET_SECONDARY, state=CONNECTED, ok=true, minWireVersion=0, maxWireVersion=17, maxDocumentSize=16777216, logicalSessionTimeoutMinutes=30, roundTripTimeNanos=265856801, setName='atlas-12ttyb-shard-0', canonicalAddress=ac-kqsdrzl-shard-00-02.6nsw30j.mongodb.net:27017, hosts=[ac-kqsdrzl-shard-00-00.6nsw30j.mongodb.net:27017, ac-kqsdrzl-shard-00-01.6nsw30j.mongodb.net:27017, ac-kqsdrzl-shard-00-02.6nsw30j.mongodb.net:27017], passives=[], arbiters=[], primary='ac-kqsdrzl-shard-00-01.6nsw30j.mongodb.net:27017', tagSet=TagSet{[Tag{name='nodeType', value='ELECTABLE'}, Tag{name='provider', value='AWS'}, Tag{name='region', value='US_EAST_1'}, Tag{name='workloadType', value='OPERATIONAL'}]}, electionId=null, setVersion=8, topologyVersion=TopologyVersion{processId=648b2affc1e28e8dc27a184e, counter=3}, lastWriteDate=Sat Jun 17 01:33:45 CEST 2023, lastUpdateTimeNanos=16472197398900}
2023-06-17 01:34:02.555  INFO [reservation-ms,,] 9432 --- [cluster-rtt-ClusterId{value='648cf13e820d302dad61317d', description='null'}-ac-kqsdrzl-shard-00-00.6nsw30j.mongodb.net:27017] org.mongodb.driver.connection            : Opened connection [connectionId{localValue:9, serverValue:48313}] to ac-kqsdrzl-shard-00-00.6nsw30j.mongodb.net:27017
2023-06-17 01:34:23.077  INFO [reservation-ms,,] 9432 --- [cluster-ClusterId{value='648cf13e820d302dad61317d', description='null'}-ac-kqsdrzl-shard-00-00.6nsw30j.mongodb.net:27017] org.mongodb.driver.cluster               : Exception in monitor thread while connecting to server ac-kqsdrzl-shard-00-00.6nsw30j.mongodb.net:27017

com.mongodb.MongoSocketReadTimeoutException: Timeout while receiving message
	at com.mongodb.internal.connection.InternalStreamConnection.translateReadException(InternalStreamConnection.java:701) ~[mongodb-driver-core-4.4.2.jar:na]
	at com.mongodb.internal.connection.InternalStreamConnection.receiveMessageWithAdditionalTimeout(InternalStreamConnection.java:579) ~[mongodb-driver-core-4.4.2.jar:na]
	at com.mongodb.internal.connection.InternalStreamConnection.receiveCommandMessageResponse(InternalStreamConnection.java:415) ~[mongodb-driver-core-4.4.2.jar:na]
	at com.mongodb.internal.connection.InternalStreamConnection.receive(InternalStreamConnection.java:374) ~[mongodb-driver-core-4.4.2.jar:na]
	at com.mongodb.internal.connection.DefaultServerMonitor$ServerMonitorRunnable.lookupServerDescription(DefaultServerMonitor.java:216) ~[mongodb-driver-core-4.4.2.jar:na]
	at com.mongodb.internal.connection.DefaultServerMonitor$ServerMonitorRunnable.run(DefaultServerMonitor.java:152) ~[mongodb-driver-core-4.4.2.jar:na]
	at java.base/java.lang.Thread.run(Thread.java:833) ~[na:na]
Caused by: java.net.SocketTimeoutException: Read timed out
	at java.base/sun.nio.ch.NioSocketImpl.timedRead(NioSocketImpl.java:280) ~[na:na]
	at java.base/sun.nio.ch.NioSocketImpl.implRead(NioSocketImpl.java:306) ~[na:na]
	at java.base/sun.nio.ch.NioSocketImpl.read(NioSocketImpl.java:347) ~[na:na]
	at java.base/sun.nio.ch.NioSocketImpl$1.read(NioSocketImpl.java:800) ~[na:na]
	at java.base/java.net.Socket$SocketInputStream.read(Socket.java:966) ~[na:na]
	at java.base/sun.security.ssl.SSLSocketInputRecord.read(SSLSocketInputRecord.java:478) ~[na:na]
	at java.base/sun.security.ssl.SSLSocketInputRecord.readHeader(SSLSocketInputRecord.java:472) ~[na:na]
	at java.base/sun.security.ssl.SSLSocketInputRecord.bytesInCompletePacket(SSLSocketInputRecord.java:70) ~[na:na]
	at java.base/sun.security.ssl.SSLSocketImpl.readApplicationRecord(SSLSocketImpl.java:1460) ~[na:na]
	at java.base/sun.security.ssl.SSLSocketImpl$AppInputStream.read(SSLSocketImpl.java:1064) ~[na:na]
	at com.mongodb.internal.connection.SocketStream.read(SocketStream.java:109) ~[mongodb-driver-core-4.4.2.jar:na]
	at com.mongodb.internal.connection.SocketStream.read(SocketStream.java:131) ~[mongodb-driver-core-4.4.2.jar:na]
	at com.mongodb.internal.connection.InternalStreamConnection.receiveResponseBuffers(InternalStreamConnection.java:718) ~[mongodb-driver-core-4.4.2.jar:na]
	at com.mongodb.internal.connection.InternalStreamConnection.receiveMessageWithAdditionalTimeout(InternalStreamConnection.java:576) ~[mongodb-driver-core-4.4.2.jar:na]
	... 5 common frames omitted

2023-06-17 01:34:23.077  INFO [reservation-ms,,] 9432 --- [cluster-ClusterId{value='648cf13e820d302dad61317d', description='null'}-ac-kqsdrzl-shard-00-02.6nsw30j.mongodb.net:27017] org.mongodb.driver.cluster               : Exception in monitor thread while connecting to server ac-kqsdrzl-shard-00-02.6nsw30j.mongodb.net:27017

com.mongodb.MongoSocketReadTimeoutException: Timeout while receiving message
	at com.mongodb.internal.connection.InternalStreamConnection.translateReadException(InternalStreamConnection.java:701) ~[mongodb-driver-core-4.4.2.jar:na]
	at com.mongodb.internal.connection.InternalStreamConnection.receiveMessageWithAdditionalTimeout(InternalStreamConnection.java:579) ~[mongodb-driver-core-4.4.2.jar:na]
	at com.mongodb.internal.connection.InternalStreamConnection.receiveCommandMessageResponse(InternalStreamConnection.java:415) ~[mongodb-driver-core-4.4.2.jar:na]
	at com.mongodb.internal.connection.InternalStreamConnection.receive(InternalStreamConnection.java:374) ~[mongodb-driver-core-4.4.2.jar:na]
	at com.mongodb.internal.connection.DefaultServerMonitor$ServerMonitorRunnable.lookupServerDescription(DefaultServerMonitor.java:216) ~[mongodb-driver-core-4.4.2.jar:na]
	at com.mongodb.internal.connection.DefaultServerMonitor$ServerMonitorRunnable.run(DefaultServerMonitor.java:152) ~[mongodb-driver-core-4.4.2.jar:na]
	at java.base/java.lang.Thread.run(Thread.java:833) ~[na:na]
Caused by: java.net.SocketTimeoutException: Read timed out
	at java.base/sun.nio.ch.NioSocketImpl.timedRead(NioSocketImpl.java:280) ~[na:na]
	at java.base/sun.nio.ch.NioSocketImpl.implRead(NioSocketImpl.java:306) ~[na:na]
	at java.base/sun.nio.ch.NioSocketImpl.read(NioSocketImpl.java:347) ~[na:na]
	at java.base/sun.nio.ch.NioSocketImpl$1.read(NioSocketImpl.java:800) ~[na:na]
	at java.base/java.net.Socket$SocketInputStream.read(Socket.java:966) ~[na:na]
	at java.base/sun.security.ssl.SSLSocketInputRecord.read(SSLSocketInputRecord.java:478) ~[na:na]
	at java.base/sun.security.ssl.SSLSocketInputRecord.readHeader(SSLSocketInputRecord.java:472) ~[na:na]
	at java.base/sun.security.ssl.SSLSocketInputRecord.bytesInCompletePacket(SSLSocketInputRecord.java:70) ~[na:na]
	at java.base/sun.security.ssl.SSLSocketImpl.readApplicationRecord(SSLSocketImpl.java:1460) ~[na:na]
	at java.base/sun.security.ssl.SSLSocketImpl$AppInputStream.read(SSLSocketImpl.java:1064) ~[na:na]
	at com.mongodb.internal.connection.SocketStream.read(SocketStream.java:109) ~[mongodb-driver-core-4.4.2.jar:na]
	at com.mongodb.internal.connection.SocketStream.read(SocketStream.java:131) ~[mongodb-driver-core-4.4.2.jar:na]
	at com.mongodb.internal.connection.InternalStreamConnection.receiveResponseBuffers(InternalStreamConnection.java:718) ~[mongodb-driver-core-4.4.2.jar:na]
	at com.mongodb.internal.connection.InternalStreamConnection.receiveMessageWithAdditionalTimeout(InternalStreamConnection.java:576) ~[mongodb-driver-core-4.4.2.jar:na]
	... 5 common frames omitted

2023-06-17 01:34:24.217  INFO [reservation-ms,,] 9432 --- [cluster-ClusterId{value='648cf13e820d302dad61317d', description='null'}-ac-kqsdrzl-shard-00-00.6nsw30j.mongodb.net:27017] org.mongodb.driver.connection            : Opened connection [connectionId{localValue:10, serverValue:48317}] to ac-kqsdrzl-shard-00-00.6nsw30j.mongodb.net:27017
2023-06-17 01:34:24.219  INFO [reservation-ms,,] 9432 --- [cluster-ClusterId{value='648cf13e820d302dad61317d', description='null'}-ac-kqsdrzl-shard-00-00.6nsw30j.mongodb.net:27017] org.mongodb.driver.cluster               : Monitor thread successfully connected to server with description ServerDescription{address=ac-kqsdrzl-shard-00-00.6nsw30j.mongodb.net:27017, type=REPLICA_SET_SECONDARY, state=CONNECTED, ok=true, minWireVersion=0, maxWireVersion=17, maxDocumentSize=16777216, logicalSessionTimeoutMinutes=30, roundTripTimeNanos=1014291600, setName='atlas-12ttyb-shard-0', canonicalAddress=ac-kqsdrzl-shard-00-00.6nsw30j.mongodb.net:27017, hosts=[ac-kqsdrzl-shard-00-00.6nsw30j.mongodb.net:27017, ac-kqsdrzl-shard-00-01.6nsw30j.mongodb.net:27017, ac-kqsdrzl-shard-00-02.6nsw30j.mongodb.net:27017], passives=[], arbiters=[], primary='ac-kqsdrzl-shard-00-01.6nsw30j.mongodb.net:27017', tagSet=TagSet{[Tag{name='nodeType', value='ELECTABLE'}, Tag{name='provider', value='AWS'}, Tag{name='region', value='US_EAST_1'}, Tag{name='workloadType', value='OPERATIONAL'}]}, electionId=null, setVersion=8, topologyVersion=TopologyVersion{processId=648b28985b9fb5a48fdf5841, counter=4}, lastWriteDate=Sat Jun 17 01:34:26 CEST 2023, lastUpdateTimeNanos=16513879880100}
2023-06-17 01:34:50.966  INFO [reservation-ms,,] 9432 --- [cluster-ClusterId{value='648cf13e820d302dad61317d', description='null'}-ac-kqsdrzl-shard-00-02.6nsw30j.mongodb.net:27017] org.mongodb.driver.connection            : Opened connection [connectionId{localValue:12, serverValue:44442}] to ac-kqsdrzl-shard-00-02.6nsw30j.mongodb.net:27017
2023-06-17 01:34:50.967  INFO [reservation-ms,,] 9432 --- [cluster-ClusterId{value='648cf13e820d302dad61317d', description='null'}-ac-kqsdrzl-shard-00-02.6nsw30j.mongodb.net:27017] org.mongodb.driver.cluster               : Monitor thread successfully connected to server with description ServerDescription{address=ac-kqsdrzl-shard-00-02.6nsw30j.mongodb.net:27017, type=REPLICA_SET_SECONDARY, state=CONNECTED, ok=true, minWireVersion=0, maxWireVersion=17, maxDocumentSize=16777216, logicalSessionTimeoutMinutes=30, roundTripTimeNanos=265869700, setName='atlas-12ttyb-shard-0', canonicalAddress=ac-kqsdrzl-shard-00-02.6nsw30j.mongodb.net:27017, hosts=[ac-kqsdrzl-shard-00-00.6nsw30j.mongodb.net:27017, ac-kqsdrzl-shard-00-01.6nsw30j.mongodb.net:27017, ac-kqsdrzl-shard-00-02.6nsw30j.mongodb.net:27017], passives=[], arbiters=[], primary='ac-kqsdrzl-shard-00-01.6nsw30j.mongodb.net:27017', tagSet=TagSet{[Tag{name='nodeType', value='ELECTABLE'}, Tag{name='provider', value='AWS'}, Tag{name='region', value='US_EAST_1'}, Tag{name='workloadType', value='OPERATIONAL'}]}, electionId=null, setVersion=8, topologyVersion=TopologyVersion{processId=648b2affc1e28e8dc27a184e, counter=3}, lastWriteDate=Sat Jun 17 01:34:53 CEST 2023, lastUpdateTimeNanos=16540629212200}
2023-06-17 01:36:03.763  INFO [reservation-ms,,] 9432 --- [Thread-2] o.s.c.s.a.z.ZipkinAutoConfiguration      : Flushing remaining spans on shutdown
2023-06-17 01:36:03.767  INFO [reservation-ms,,] 9432 --- [SpringApplicationShutdownHook] n.d.b.g.s.s.GrpcServerLifecycle          : gRPC server shutdown.
2023-06-17 01:57:50.306  INFO [reservation-ms,,] 752 --- [main] c.v.reservation.ReservationApplication   : Starting ReservationApplication using Java 18.0.2 on Vuk with PID 752 (C:\Users\One\Desktop\F\4.godina\2. semestar\XML i web servisi\Projekat\reservation-ms\target\classes started by Vuk in C:\Users\One\Desktop\F\4.godina\2. semestar\XML i web servisi\Projekat\reservation-ms)
2023-06-17 01:57:50.308  INFO [reservation-ms,,] 752 --- [main] c.v.reservation.ReservationApplication   : No active profile set, falling back to 1 default profile: "default"
2023-06-17 01:57:51.434  INFO [reservation-ms,,] 752 --- [main] .s.d.r.c.RepositoryConfigurationDelegate : Bootstrapping Spring Data MongoDB repositories in DEFAULT mode.
2023-06-17 01:57:51.506  INFO [reservation-ms,,] 752 --- [main] .s.d.r.c.RepositoryConfigurationDelegate : Finished Spring Data repository scanning in 67 ms. Found 2 MongoDB repository interfaces.
2023-06-17 01:57:51.724  INFO [reservation-ms,,] 752 --- [main] o.s.cloud.context.scope.GenericScope     : BeanFactory id=8742ee29-bda3-38c1-9ab2-955d6f7d0e0b
2023-06-17 01:57:52.400  INFO [reservation-ms,,] 752 --- [main] o.s.b.w.embedded.tomcat.TomcatWebServer  : Tomcat initialized with port(s): 8084 (http)
2023-06-17 01:57:52.408  INFO [reservation-ms,,] 752 --- [main] o.apache.catalina.core.StandardService   : Starting service [Tomcat]
2023-06-17 01:57:52.408  INFO [reservation-ms,,] 752 --- [main] org.apache.catalina.core.StandardEngine  : Starting Servlet engine: [Apache Tomcat/9.0.60]
2023-06-17 01:57:52.538  INFO [reservation-ms,,] 752 --- [main] o.a.c.c.C.[Tomcat].[localhost].[/]       : Initializing Spring embedded WebApplicationContext
2023-06-17 01:57:52.538  INFO [reservation-ms,,] 752 --- [main] w.s.c.ServletWebServerApplicationContext : Root WebApplicationContext: initialization completed in 2187 ms
2023-06-17 01:57:54.435  INFO [reservation-ms,,] 752 --- [main] org.mongodb.driver.cluster               : Cluster created with settings {hosts=[127.0.0.1:27017], srvHost=cluster0.6nsw30j.mongodb.net, mode=MULTIPLE, requiredClusterType=REPLICA_SET, serverSelectionTimeout='30000 ms', requiredReplicaSetName='atlas-12ttyb-shard-0'}
2023-06-17 01:57:54.466  INFO [reservation-ms,,] 752 --- [cluster-ClusterId{value='648cf7024f90c4743732b4a3', description='null'}-srv-cluster0.6nsw30j.mongodb.net] org.mongodb.driver.cluster               : Adding discovered server ac-kqsdrzl-shard-00-01.6nsw30j.mongodb.net:27017 to client view of cluster
2023-06-17 01:57:54.501  INFO [reservation-ms,,] 752 --- [cluster-ClusterId{value='648cf7024f90c4743732b4a3', description='null'}-srv-cluster0.6nsw30j.mongodb.net] org.mongodb.driver.cluster               : Adding discovered server ac-kqsdrzl-shard-00-00.6nsw30j.mongodb.net:27017 to client view of cluster
2023-06-17 01:57:54.502  INFO [reservation-ms,,] 752 --- [cluster-ClusterId{value='648cf7024f90c4743732b4a3', description='null'}-srv-cluster0.6nsw30j.mongodb.net] org.mongodb.driver.cluster               : Adding discovered server ac-kqsdrzl-shard-00-02.6nsw30j.mongodb.net:27017 to client view of cluster
2023-06-17 01:57:55.284  INFO [reservation-ms,,] 752 --- [cluster-rtt-ClusterId{value='648cf7024f90c4743732b4a3', description='null'}-ac-kqsdrzl-shard-00-02.6nsw30j.mongodb.net:27017] org.mongodb.driver.connection            : Opened connection [connectionId{localValue:5, serverValue:44854}] to ac-kqsdrzl-shard-00-02.6nsw30j.mongodb.net:27017
2023-06-17 01:57:55.284  INFO [reservation-ms,,] 752 --- [cluster-rtt-ClusterId{value='648cf7024f90c4743732b4a3', description='null'}-ac-kqsdrzl-shard-00-00.6nsw30j.mongodb.net:27017] org.mongodb.driver.connection            : Opened connection [connectionId{localValue:2, serverValue:48758}] to ac-kqsdrzl-shard-00-00.6nsw30j.mongodb.net:27017
2023-06-17 01:57:55.285  INFO [reservation-ms,,] 752 --- [cluster-ClusterId{value='648cf7024f90c4743732b4a3', description='null'}-ac-kqsdrzl-shard-00-00.6nsw30j.mongodb.net:27017] org.mongodb.driver.connection            : Opened connection [connectionId{localValue:4, serverValue:48758}] to ac-kqsdrzl-shard-00-00.6nsw30j.mongodb.net:27017
2023-06-17 01:57:55.285  INFO [reservation-ms,,] 752 --- [cluster-ClusterId{value='648cf7024f90c4743732b4a3', description='null'}-ac-kqsdrzl-shard-00-02.6nsw30j.mongodb.net:27017] org.mongodb.driver.connection            : Opened connection [connectionId{localValue:1, serverValue:44849}] to ac-kqsdrzl-shard-00-02.6nsw30j.mongodb.net:27017
2023-06-17 01:57:55.285  INFO [reservation-ms,,] 752 --- [cluster-ClusterId{value='648cf7024f90c4743732b4a3', description='null'}-ac-kqsdrzl-shard-00-02.6nsw30j.mongodb.net:27017] org.mongodb.driver.cluster               : Monitor thread successfully connected to server with description ServerDescription{address=ac-kqsdrzl-shard-00-02.6nsw30j.mongodb.net:27017, type=REPLICA_SET_SECONDARY, state=CONNECTED, ok=true, minWireVersion=0, maxWireVersion=17, maxDocumentSize=16777216, logicalSessionTimeoutMinutes=30, roundTripTimeNanos=463544600, setName='atlas-12ttyb-shard-0', canonicalAddress=ac-kqsdrzl-shard-00-02.6nsw30j.mongodb.net:27017, hosts=[ac-kqsdrzl-shard-00-00.6nsw30j.mongodb.net:27017, ac-kqsdrzl-shard-00-01.6nsw30j.mongodb.net:27017, ac-kqsdrzl-shard-00-02.6nsw30j.mongodb.net:27017], passives=[], arbiters=[], primary='ac-kqsdrzl-shard-00-01.6nsw30j.mongodb.net:27017', tagSet=TagSet{[Tag{name='nodeType', value='ELECTABLE'}, Tag{name='provider', value='AWS'}, Tag{name='region', value='US_EAST_1'}, Tag{name='workloadType', value='OPERATIONAL'}]}, electionId=null, setVersion=8, topologyVersion=TopologyVersion{processId=648b2affc1e28e8dc27a184e, counter=3}, lastWriteDate=Sat Jun 17 01:57:57 CEST 2023, lastUpdateTimeNanos=17924944888000}
2023-06-17 01:57:55.285  INFO [reservation-ms,,] 752 --- [cluster-ClusterId{value='648cf7024f90c4743732b4a3', description='null'}-ac-kqsdrzl-shard-00-00.6nsw30j.mongodb.net:27017] org.mongodb.driver.cluster               : Monitor thread successfully connected to server with description ServerDescription{address=ac-kqsdrzl-shard-00-00.6nsw30j.mongodb.net:27017, type=REPLICA_SET_SECONDARY, state=CONNECTED, ok=true, minWireVersion=0, maxWireVersion=17, maxDocumentSize=16777216, logicalSessionTimeoutMinutes=30, roundTripTimeNanos=463967200, setName='atlas-12ttyb-shard-0', canonicalAddress=ac-kqsdrzl-shard-00-00.6nsw30j.mongodb.net:27017, hosts=[ac-kqsdrzl-shard-00-00.6nsw30j.mongodb.net:27017, ac-kqsdrzl-shard-00-01.6nsw30j.mongodb.net:27017, ac-kqsdrzl-shard-00-02.6nsw30j.mongodb.net:27017], passives=[], arbiters=[], primary='ac-kqsdrzl-shard-00-01.6nsw30j.mongodb.net:27017', tagSet=TagSet{[Tag{name='nodeType', value='ELECTABLE'}, Tag{name='provider', value='AWS'}, Tag{name='region', value='US_EAST_1'}, Tag{name='workloadType', value='OPERATIONAL'}]}, electionId=null, setVersion=8, topologyVersion=TopologyVersion{processId=648b28985b9fb5a48fdf5841, counter=4}, lastWriteDate=Sat Jun 17 01:57:57 CEST 2023, lastUpdateTimeNanos=17924944887900}
2023-06-17 01:57:56.321  INFO [reservation-ms,,] 752 --- [main] o.s.b.a.e.web.EndpointLinksResolver      : Exposing 1 endpoint(s) beneath base path '/actuator'
2023-06-17 01:57:56.379  INFO [reservation-ms,,] 752 --- [main] o.s.b.w.embedded.tomcat.TomcatWebServer  : Tomcat started on port(s): 8084 (http) with context path ''
2023-06-17 01:57:56.550  INFO [reservation-ms,,] 752 --- [main] n.d.b.g.s.s.AbstractGrpcServerFactory    : Registered gRPC service: com.vima.gateway.ReservationService, bean: reservationGrpcService, class: com.vima.reservation.grpc_service.ReservationGrpcService
2023-06-17 01:57:56.711  INFO [reservation-ms,,] 752 --- [main] n.d.b.g.s.s.GrpcServerLifecycle          : gRPC Server started, listening on address: *, port: 9094
2023-06-17 01:57:56.729  INFO [reservation-ms,,] 752 --- [main] c.v.reservation.ReservationApplication   : Started ReservationApplication in 6.969 seconds (JVM running for 7.435)
2023-06-17 01:58:03.558  INFO [reservation-ms,,] 752 --- [grpc-default-executor-0] org.mongodb.driver.cluster               : No server chosen by ReadPreferenceServerSelector{readPreference=primary} from cluster description ClusterDescription{type=REPLICA_SET, connectionMode=MULTIPLE, serverDescriptions=[ServerDescription{address=ac-kqsdrzl-shard-00-01.6nsw30j.mongodb.net:27017, type=UNKNOWN, state=CONNECTING}, ServerDescription{address=ac-kqsdrzl-shard-00-00.6nsw30j.mongodb.net:27017, type=REPLICA_SET_SECONDARY, state=CONNECTED, ok=true, minWireVersion=0, maxWireVersion=17, maxDocumentSize=16777216, logicalSessionTimeoutMinutes=30, roundTripTimeNanos=463967200, setName='atlas-12ttyb-shard-0', canonicalAddress=ac-kqsdrzl-shard-00-00.6nsw30j.mongodb.net:27017, hosts=[ac-kqsdrzl-shard-00-00.6nsw30j.mongodb.net:27017, ac-kqsdrzl-shard-00-01.6nsw30j.mongodb.net:27017, ac-kqsdrzl-shard-00-02.6nsw30j.mongodb.net:27017], passives=[], arbiters=[], primary='ac-kqsdrzl-shard-00-01.6nsw30j.mongodb.net:27017', tagSet=TagSet{[Tag{name='nodeType', value='ELECTABLE'}, Tag{name='provider', value='AWS'}, Tag{name='region', value='US_EAST_1'}, Tag{name='workloadType', value='OPERATIONAL'}]}, electionId=null, setVersion=8, topologyVersion=TopologyVersion{processId=648b28985b9fb5a48fdf5841, counter=4}, lastWriteDate=Sat Jun 17 01:57:57 CEST 2023, lastUpdateTimeNanos=17924944887900}, ServerDescription{address=ac-kqsdrzl-shard-00-02.6nsw30j.mongodb.net:27017, type=REPLICA_SET_SECONDARY, state=CONNECTED, ok=true, minWireVersion=0, maxWireVersion=17, maxDocumentSize=16777216, logicalSessionTimeoutMinutes=30, roundTripTimeNanos=463544600, setName='atlas-12ttyb-shard-0', canonicalAddress=ac-kqsdrzl-shard-00-02.6nsw30j.mongodb.net:27017, hosts=[ac-kqsdrzl-shard-00-00.6nsw30j.mongodb.net:27017, ac-kqsdrzl-shard-00-01.6nsw30j.mongodb.net:27017, ac-kqsdrzl-shard-00-02.6nsw30j.mongodb.net:27017], passives=[], arbiters=[], primary='ac-kqsdrzl-shard-00-01.6nsw30j.mongodb.net:27017', tagSet=TagSet{[Tag{name='nodeType', value='ELECTABLE'}, Tag{name='provider', value='AWS'}, Tag{name='region', value='US_EAST_1'}, Tag{name='workloadType', value='OPERATIONAL'}]}, electionId=null, setVersion=8, topologyVersion=TopologyVersion{processId=648b2affc1e28e8dc27a184e, counter=3}, lastWriteDate=Sat Jun 17 01:57:57 CEST 2023, lastUpdateTimeNanos=17924944888000}]}. Waiting for 30000 ms before timing out
2023-06-17 01:58:08.137  INFO [reservation-ms,,] 752 --- [cluster-ClusterId{value='648cf7024f90c4743732b4a3', description='null'}-ac-kqsdrzl-shard-00-01.6nsw30j.mongodb.net:27017] org.mongodb.driver.connection            : Opened connection [connectionId{localValue:3, serverValue:49949}] to ac-kqsdrzl-shard-00-01.6nsw30j.mongodb.net:27017
2023-06-17 01:58:08.138  INFO [reservation-ms,,] 752 --- [cluster-ClusterId{value='648cf7024f90c4743732b4a3', description='null'}-ac-kqsdrzl-shard-00-01.6nsw30j.mongodb.net:27017] org.mongodb.driver.cluster               : Monitor thread successfully connected to server with description ServerDescription{address=ac-kqsdrzl-shard-00-01.6nsw30j.mongodb.net:27017, type=REPLICA_SET_PRIMARY, state=CONNECTED, ok=true, minWireVersion=0, maxWireVersion=17, maxDocumentSize=16777216, logicalSessionTimeoutMinutes=30, roundTripTimeNanos=7276856900, setName='atlas-12ttyb-shard-0', canonicalAddress=ac-kqsdrzl-shard-00-01.6nsw30j.mongodb.net:27017, hosts=[ac-kqsdrzl-shard-00-00.6nsw30j.mongodb.net:27017, ac-kqsdrzl-shard-00-01.6nsw30j.mongodb.net:27017, ac-kqsdrzl-shard-00-02.6nsw30j.mongodb.net:27017], passives=[], arbiters=[], primary='ac-kqsdrzl-shard-00-01.6nsw30j.mongodb.net:27017', tagSet=TagSet{[Tag{name='nodeType', value='ELECTABLE'}, Tag{name='provider', value='AWS'}, Tag{name='region', value='US_EAST_1'}, Tag{name='workloadType', value='OPERATIONAL'}]}, electionId=7fffffff000000000000018f, setVersion=8, topologyVersion=TopologyVersion{processId=648b29f9565de12fa44adc6d, counter=6}, lastWriteDate=Sat Jun 17 01:58:05 CEST 2023, lastUpdateTimeNanos=17937799727100}
2023-06-17 01:58:08.139  INFO [reservation-ms,,] 752 --- [cluster-ClusterId{value='648cf7024f90c4743732b4a3', description='null'}-ac-kqsdrzl-shard-00-01.6nsw30j.mongodb.net:27017] org.mongodb.driver.cluster               : Setting max election id to 7fffffff000000000000018f from replica set primary ac-kqsdrzl-shard-00-01.6nsw30j.mongodb.net:27017
2023-06-17 01:58:08.139  INFO [reservation-ms,,] 752 --- [cluster-ClusterId{value='648cf7024f90c4743732b4a3', description='null'}-ac-kqsdrzl-shard-00-01.6nsw30j.mongodb.net:27017] org.mongodb.driver.cluster               : Setting max set version to 8 from replica set primary ac-kqsdrzl-shard-00-01.6nsw30j.mongodb.net:27017
2023-06-17 01:58:08.139  INFO [reservation-ms,,] 752 --- [cluster-ClusterId{value='648cf7024f90c4743732b4a3', description='null'}-ac-kqsdrzl-shard-00-01.6nsw30j.mongodb.net:27017] org.mongodb.driver.cluster               : Discovered replica set primary ac-kqsdrzl-shard-00-01.6nsw30j.mongodb.net:27017
2023-06-17 01:58:16.164  INFO [reservation-ms,,] 752 --- [grpc-default-executor-0] org.mongodb.driver.connection            : Opened connection [connectionId{localValue:7, serverValue:49926}] to ac-kqsdrzl-shard-00-01.6nsw30j.mongodb.net:27017
2023-06-17 01:58:38.156  INFO [reservation-ms,,] 752 --- [cluster-ClusterId{value='648cf7024f90c4743732b4a3', description='null'}-ac-kqsdrzl-shard-00-01.6nsw30j.mongodb.net:27017] org.mongodb.driver.cluster               : Exception in monitor thread while connecting to server ac-kqsdrzl-shard-00-01.6nsw30j.mongodb.net:27017

com.mongodb.MongoSocketReadTimeoutException: Timeout while receiving message
	at com.mongodb.internal.connection.InternalStreamConnection.translateReadException(InternalStreamConnection.java:701) ~[mongodb-driver-core-4.4.2.jar:na]
	at com.mongodb.internal.connection.InternalStreamConnection.receiveMessageWithAdditionalTimeout(InternalStreamConnection.java:579) ~[mongodb-driver-core-4.4.2.jar:na]
	at com.mongodb.internal.connection.InternalStreamConnection.receiveCommandMessageResponse(InternalStreamConnection.java:415) ~[mongodb-driver-core-4.4.2.jar:na]
	at com.mongodb.internal.connection.InternalStreamConnection.receive(InternalStreamConnection.java:374) ~[mongodb-driver-core-4.4.2.jar:na]
	at com.mongodb.internal.connection.DefaultServerMonitor$ServerMonitorRunnable.lookupServerDescription(DefaultServerMonitor.java:216) ~[mongodb-driver-core-4.4.2.jar:na]
	at com.mongodb.internal.connection.DefaultServerMonitor$ServerMonitorRunnable.run(DefaultServerMonitor.java:152) ~[mongodb-driver-core-4.4.2.jar:na]
	at java.base/java.lang.Thread.run(Thread.java:833) ~[na:na]
Caused by: java.net.SocketTimeoutException: Read timed out
	at java.base/sun.nio.ch.NioSocketImpl.timedRead(NioSocketImpl.java:280) ~[na:na]
	at java.base/sun.nio.ch.NioSocketImpl.implRead(NioSocketImpl.java:306) ~[na:na]
	at java.base/sun.nio.ch.NioSocketImpl.read(NioSocketImpl.java:347) ~[na:na]
	at java.base/sun.nio.ch.NioSocketImpl$1.read(NioSocketImpl.java:800) ~[na:na]
	at java.base/java.net.Socket$SocketInputStream.read(Socket.java:966) ~[na:na]
	at java.base/sun.security.ssl.SSLSocketInputRecord.read(SSLSocketInputRecord.java:478) ~[na:na]
	at java.base/sun.security.ssl.SSLSocketInputRecord.readHeader(SSLSocketInputRecord.java:472) ~[na:na]
	at java.base/sun.security.ssl.SSLSocketInputRecord.bytesInCompletePacket(SSLSocketInputRecord.java:70) ~[na:na]
	at java.base/sun.security.ssl.SSLSocketImpl.readApplicationRecord(SSLSocketImpl.java:1460) ~[na:na]
	at java.base/sun.security.ssl.SSLSocketImpl$AppInputStream.read(SSLSocketImpl.java:1064) ~[na:na]
	at com.mongodb.internal.connection.SocketStream.read(SocketStream.java:109) ~[mongodb-driver-core-4.4.2.jar:na]
	at com.mongodb.internal.connection.SocketStream.read(SocketStream.java:131) ~[mongodb-driver-core-4.4.2.jar:na]
	at com.mongodb.internal.connection.InternalStreamConnection.receiveResponseBuffers(InternalStreamConnection.java:718) ~[mongodb-driver-core-4.4.2.jar:na]
	at com.mongodb.internal.connection.InternalStreamConnection.receiveMessageWithAdditionalTimeout(InternalStreamConnection.java:576) ~[mongodb-driver-core-4.4.2.jar:na]
	... 5 common frames omitted

2023-06-17 01:58:45.894  INFO [reservation-ms,,] 752 --- [cluster-ClusterId{value='648cf7024f90c4743732b4a3', description='null'}-ac-kqsdrzl-shard-00-01.6nsw30j.mongodb.net:27017] org.mongodb.driver.connection            : Opened connection [connectionId{localValue:9, serverValue:49970}] to ac-kqsdrzl-shard-00-01.6nsw30j.mongodb.net:27017
2023-06-17 01:58:45.894  INFO [reservation-ms,,] 752 --- [cluster-ClusterId{value='648cf7024f90c4743732b4a3', description='null'}-ac-kqsdrzl-shard-00-01.6nsw30j.mongodb.net:27017] org.mongodb.driver.cluster               : Monitor thread successfully connected to server with description ServerDescription{address=ac-kqsdrzl-shard-00-01.6nsw30j.mongodb.net:27017, type=REPLICA_SET_PRIMARY, state=CONNECTED, ok=true, minWireVersion=0, maxWireVersion=17, maxDocumentSize=16777216, logicalSessionTimeoutMinutes=30, roundTripTimeNanos=2560415200, setName='atlas-12ttyb-shard-0', canonicalAddress=ac-kqsdrzl-shard-00-01.6nsw30j.mongodb.net:27017, hosts=[ac-kqsdrzl-shard-00-00.6nsw30j.mongodb.net:27017, ac-kqsdrzl-shard-00-01.6nsw30j.mongodb.net:27017, ac-kqsdrzl-shard-00-02.6nsw30j.mongodb.net:27017], passives=[], arbiters=[], primary='ac-kqsdrzl-shard-00-01.6nsw30j.mongodb.net:27017', tagSet=TagSet{[Tag{name='nodeType', value='ELECTABLE'}, Tag{name='provider', value='AWS'}, Tag{name='region', value='US_EAST_1'}, Tag{name='workloadType', value='OPERATIONAL'}]}, electionId=7fffffff000000000000018f, setVersion=8, topologyVersion=TopologyVersion{processId=648b29f9565de12fa44adc6d, counter=6}, lastWriteDate=Sat Jun 17 01:58:47 CEST 2023, lastUpdateTimeNanos=17975557026200}
2023-06-17 01:58:45.894  INFO [reservation-ms,,] 752 --- [cluster-ClusterId{value='648cf7024f90c4743732b4a3', description='null'}-ac-kqsdrzl-shard-00-01.6nsw30j.mongodb.net:27017] org.mongodb.driver.cluster               : Discovered replica set primary ac-kqsdrzl-shard-00-01.6nsw30j.mongodb.net:27017
2023-06-17 01:58:47.025  INFO [reservation-ms,,] 752 --- [cluster-rtt-ClusterId{value='648cf7024f90c4743732b4a3', description='null'}-ac-kqsdrzl-shard-00-01.6nsw30j.mongodb.net:27017] org.mongodb.driver.connection            : Opened connection [connectionId{localValue:10, serverValue:49954}] to ac-kqsdrzl-shard-00-01.6nsw30j.mongodb.net:27017
2023-06-17 01:59:32.627  INFO [reservation-ms,,] 752 --- [cluster-ClusterId{value='648cf7024f90c4743732b4a3', description='null'}-ac-kqsdrzl-shard-00-01.6nsw30j.mongodb.net:27017] org.mongodb.driver.cluster               : Exception in monitor thread while connecting to server ac-kqsdrzl-shard-00-01.6nsw30j.mongodb.net:27017

com.mongodb.MongoSocketReadTimeoutException: Timeout while receiving message
	at com.mongodb.internal.connection.InternalStreamConnection.translateReadException(InternalStreamConnection.java:701) ~[mongodb-driver-core-4.4.2.jar:na]
	at com.mongodb.internal.connection.InternalStreamConnection.receiveMessageWithAdditionalTimeout(InternalStreamConnection.java:579) ~[mongodb-driver-core-4.4.2.jar:na]
	at com.mongodb.internal.connection.InternalStreamConnection.receiveCommandMessageResponse(InternalStreamConnection.java:415) ~[mongodb-driver-core-4.4.2.jar:na]
	at com.mongodb.internal.connection.InternalStreamConnection.receive(InternalStreamConnection.java:374) ~[mongodb-driver-core-4.4.2.jar:na]
	at com.mongodb.internal.connection.DefaultServerMonitor$ServerMonitorRunnable.lookupServerDescription(DefaultServerMonitor.java:216) ~[mongodb-driver-core-4.4.2.jar:na]
	at com.mongodb.internal.connection.DefaultServerMonitor$ServerMonitorRunnable.run(DefaultServerMonitor.java:152) ~[mongodb-driver-core-4.4.2.jar:na]
	at java.base/java.lang.Thread.run(Thread.java:833) ~[na:na]
Caused by: java.net.SocketTimeoutException: Read timed out
	at java.base/sun.nio.ch.NioSocketImpl.timedRead(NioSocketImpl.java:280) ~[na:na]
	at java.base/sun.nio.ch.NioSocketImpl.implRead(NioSocketImpl.java:306) ~[na:na]
	at java.base/sun.nio.ch.NioSocketImpl.read(NioSocketImpl.java:347) ~[na:na]
	at java.base/sun.nio.ch.NioSocketImpl$1.read(NioSocketImpl.java:800) ~[na:na]
	at java.base/java.net.Socket$SocketInputStream.read(Socket.java:966) ~[na:na]
	at java.base/sun.security.ssl.SSLSocketInputRecord.read(SSLSocketInputRecord.java:478) ~[na:na]
	at java.base/sun.security.ssl.SSLSocketInputRecord.readHeader(SSLSocketInputRecord.java:472) ~[na:na]
	at java.base/sun.security.ssl.SSLSocketInputRecord.bytesInCompletePacket(SSLSocketInputRecord.java:70) ~[na:na]
	at java.base/sun.security.ssl.SSLSocketImpl.readApplicationRecord(SSLSocketImpl.java:1460) ~[na:na]
	at java.base/sun.security.ssl.SSLSocketImpl$AppInputStream.read(SSLSocketImpl.java:1064) ~[na:na]
	at com.mongodb.internal.connection.SocketStream.read(SocketStream.java:109) ~[mongodb-driver-core-4.4.2.jar:na]
	at com.mongodb.internal.connection.SocketStream.read(SocketStream.java:131) ~[mongodb-driver-core-4.4.2.jar:na]
	at com.mongodb.internal.connection.InternalStreamConnection.receiveResponseBuffers(InternalStreamConnection.java:718) ~[mongodb-driver-core-4.4.2.jar:na]
	at com.mongodb.internal.connection.InternalStreamConnection.receiveMessageWithAdditionalTimeout(InternalStreamConnection.java:576) ~[mongodb-driver-core-4.4.2.jar:na]
	... 5 common frames omitted

2023-06-17 01:59:35.483  INFO [reservation-ms,,] 752 --- [cluster-ClusterId{value='648cf7024f90c4743732b4a3', description='null'}-ac-kqsdrzl-shard-00-01.6nsw30j.mongodb.net:27017] org.mongodb.driver.connection            : Opened connection [connectionId{localValue:11, serverValue:49949}] to ac-kqsdrzl-shard-00-01.6nsw30j.mongodb.net:27017
2023-06-17 01:59:35.548  INFO [reservation-ms,,] 752 --- [cluster-ClusterId{value='648cf7024f90c4743732b4a3', description='null'}-ac-kqsdrzl-shard-00-01.6nsw30j.mongodb.net:27017] org.mongodb.driver.cluster               : Monitor thread successfully connected to server with description ServerDescription{address=ac-kqsdrzl-shard-00-01.6nsw30j.mongodb.net:27017, type=REPLICA_SET_PRIMARY, state=CONNECTED, ok=true, minWireVersion=0, maxWireVersion=17, maxDocumentSize=16777216, logicalSessionTimeoutMinutes=30, roundTripTimeNanos=620422500, setName='atlas-12ttyb-shard-0', canonicalAddress=ac-kqsdrzl-shard-00-01.6nsw30j.mongodb.net:27017, hosts=[ac-kqsdrzl-shard-00-00.6nsw30j.mongodb.net:27017, ac-kqsdrzl-shard-00-01.6nsw30j.mongodb.net:27017, ac-kqsdrzl-shard-00-02.6nsw30j.mongodb.net:27017], passives=[], arbiters=[], primary='ac-kqsdrzl-shard-00-01.6nsw30j.mongodb.net:27017', tagSet=TagSet{[Tag{name='nodeType', value='ELECTABLE'}, Tag{name='provider', value='AWS'}, Tag{name='region', value='US_EAST_1'}, Tag{name='workloadType', value='OPERATIONAL'}]}, electionId=7fffffff000000000000018f, setVersion=8, topologyVersion=TopologyVersion{processId=648b29f9565de12fa44adc6d, counter=6}, lastWriteDate=Sat Jun 17 01:59:37 CEST 2023, lastUpdateTimeNanos=18025146354300}
2023-06-17 01:59:35.549  INFO [reservation-ms,,] 752 --- [cluster-ClusterId{value='648cf7024f90c4743732b4a3', description='null'}-ac-kqsdrzl-shard-00-01.6nsw30j.mongodb.net:27017] org.mongodb.driver.cluster               : Discovered replica set primary ac-kqsdrzl-shard-00-01.6nsw30j.mongodb.net:27017
2023-06-17 02:01:34.616  INFO [reservation-ms,,] 752 --- [cluster-rtt-ClusterId{value='648cf7024f90c4743732b4a3', description='null'}-ac-kqsdrzl-shard-00-01.6nsw30j.mongodb.net:27017] org.mongodb.driver.connection            : Opened connection [connectionId{localValue:12, serverValue:50034}] to ac-kqsdrzl-shard-00-01.6nsw30j.mongodb.net:27017
2023-06-17 02:01:39.324  INFO [reservation-ms,,] 752 --- [Thread-2] o.s.c.s.a.z.ZipkinAutoConfiguration      : Flushing remaining spans on shutdown
2023-06-17 02:01:39.340  INFO [reservation-ms,,] 752 --- [SpringApplicationShutdownHook] n.d.b.g.s.s.GrpcServerLifecycle          : gRPC server shutdown.
2023-06-17 02:01:45.596  INFO [reservation-ms,,] 752 --- [cluster-ClusterId{value='648cf7024f90c4743732b4a3', description='null'}-ac-kqsdrzl-shard-00-00.6nsw30j.mongodb.net:27017] org.mongodb.driver.cluster               : Exception in monitor thread while connecting to server ac-kqsdrzl-shard-00-00.6nsw30j.mongodb.net:27017

com.mongodb.MongoSocketReadTimeoutException: Timeout while receiving message
	at com.mongodb.internal.connection.InternalStreamConnection.translateReadException(InternalStreamConnection.java:701) ~[mongodb-driver-core-4.4.2.jar:na]
	at com.mongodb.internal.connection.InternalStreamConnection.receiveMessageWithAdditionalTimeout(InternalStreamConnection.java:579) ~[mongodb-driver-core-4.4.2.jar:na]
	at com.mongodb.internal.connection.InternalStreamConnection.receiveCommandMessageResponse(InternalStreamConnection.java:415) ~[mongodb-driver-core-4.4.2.jar:na]
	at com.mongodb.internal.connection.InternalStreamConnection.receive(InternalStreamConnection.java:374) ~[mongodb-driver-core-4.4.2.jar:na]
	at com.mongodb.internal.connection.DefaultServerMonitor$ServerMonitorRunnable.lookupServerDescription(DefaultServerMonitor.java:216) ~[mongodb-driver-core-4.4.2.jar:na]
	at com.mongodb.internal.connection.DefaultServerMonitor$ServerMonitorRunnable.run(DefaultServerMonitor.java:152) ~[mongodb-driver-core-4.4.2.jar:na]
	at java.base/java.lang.Thread.run(Thread.java:833) ~[na:na]
Caused by: java.net.SocketTimeoutException: Read timed out
	at java.base/sun.nio.ch.NioSocketImpl.timedRead(NioSocketImpl.java:280) ~[na:na]
	at java.base/sun.nio.ch.NioSocketImpl.implRead(NioSocketImpl.java:306) ~[na:na]
	at java.base/sun.nio.ch.NioSocketImpl.read(NioSocketImpl.java:347) ~[na:na]
	at java.base/sun.nio.ch.NioSocketImpl$1.read(NioSocketImpl.java:800) ~[na:na]
	at java.base/java.net.Socket$SocketInputStream.read(Socket.java:966) ~[na:na]
	at java.base/sun.security.ssl.SSLSocketInputRecord.read(SSLSocketInputRecord.java:478) ~[na:na]
	at java.base/sun.security.ssl.SSLSocketInputRecord.readHeader(SSLSocketInputRecord.java:472) ~[na:na]
	at java.base/sun.security.ssl.SSLSocketInputRecord.bytesInCompletePacket(SSLSocketInputRecord.java:70) ~[na:na]
	at java.base/sun.security.ssl.SSLSocketImpl.readApplicationRecord(SSLSocketImpl.java:1460) ~[na:na]
	at java.base/sun.security.ssl.SSLSocketImpl$AppInputStream.read(SSLSocketImpl.java:1064) ~[na:na]
	at com.mongodb.internal.connection.SocketStream.read(SocketStream.java:109) ~[mongodb-driver-core-4.4.2.jar:na]
	at com.mongodb.internal.connection.SocketStream.read(SocketStream.java:131) ~[mongodb-driver-core-4.4.2.jar:na]
	at com.mongodb.internal.connection.InternalStreamConnection.receiveResponseBuffers(InternalStreamConnection.java:718) ~[mongodb-driver-core-4.4.2.jar:na]
	at com.mongodb.internal.connection.InternalStreamConnection.receiveMessageWithAdditionalTimeout(InternalStreamConnection.java:576) ~[mongodb-driver-core-4.4.2.jar:na]
	... 5 common frames omitted

2023-06-17 02:01:46.744  INFO [reservation-ms,,] 752 --- [SpringApplicationShutdownHook] org.mongodb.driver.connection            : Opened connection [connectionId{localValue:13, serverValue:50018}] to ac-kqsdrzl-shard-00-01.6nsw30j.mongodb.net:27017
2023-06-17 02:01:46.992  INFO [reservation-ms,,] 752 --- [cluster-ClusterId{value='648cf7024f90c4743732b4a3', description='null'}-ac-kqsdrzl-shard-00-00.6nsw30j.mongodb.net:27017] org.mongodb.driver.connection            : Opened connection [connectionId{localValue:14, serverValue:48848}] to ac-kqsdrzl-shard-00-00.6nsw30j.mongodb.net:27017
2023-06-17 02:01:46.993  INFO [reservation-ms,,] 752 --- [cluster-ClusterId{value='648cf7024f90c4743732b4a3', description='null'}-ac-kqsdrzl-shard-00-00.6nsw30j.mongodb.net:27017] org.mongodb.driver.cluster               : Monitor thread successfully connected to server with description ServerDescription{address=ac-kqsdrzl-shard-00-00.6nsw30j.mongodb.net:27017, type=REPLICA_SET_SECONDARY, state=CONNECTED, ok=true, minWireVersion=0, maxWireVersion=17, maxDocumentSize=16777216, logicalSessionTimeoutMinutes=30, roundTripTimeNanos=263857500, setName='atlas-12ttyb-shard-0', canonicalAddress=ac-kqsdrzl-shard-00-00.6nsw30j.mongodb.net:27017, hosts=[ac-kqsdrzl-shard-00-00.6nsw30j.mongodb.net:27017, ac-kqsdrzl-shard-00-01.6nsw30j.mongodb.net:27017, ac-kqsdrzl-shard-00-02.6nsw30j.mongodb.net:27017], passives=[], arbiters=[], primary='ac-kqsdrzl-shard-00-01.6nsw30j.mongodb.net:27017', tagSet=TagSet{[Tag{name='nodeType', value='ELECTABLE'}, Tag{name='provider', value='AWS'}, Tag{name='region', value='US_EAST_1'}, Tag{name='workloadType', value='OPERATIONAL'}]}, electionId=null, setVersion=8, topologyVersion=TopologyVersion{processId=648b28985b9fb5a48fdf5841, counter=4}, lastWriteDate=Sat Jun 17 02:01:49 CEST 2023, lastUpdateTimeNanos=18156654777500}
2023-06-17 22:15:19.698  INFO [reservation-ms,,] 5048 --- [main] c.v.reservation.ReservationApplication   : Starting ReservationApplication using Java 18.0.2 on Vuk with PID 5048 (C:\Users\One\Desktop\F\4.godina\2. semestar\XML i web servisi\Projekat\reservation-ms\target\classes started by Vuk in C:\Users\One\Desktop\F\4.godina\2. semestar\XML i web servisi\Projekat\reservation-ms)
2023-06-17 22:15:19.700  INFO [reservation-ms,,] 5048 --- [main] c.v.reservation.ReservationApplication   : No active profile set, falling back to 1 default profile: "default"
2023-06-17 22:15:20.742  INFO [reservation-ms,,] 5048 --- [main] .s.d.r.c.RepositoryConfigurationDelegate : Bootstrapping Spring Data MongoDB repositories in DEFAULT mode.
2023-06-17 22:15:20.813  INFO [reservation-ms,,] 5048 --- [main] .s.d.r.c.RepositoryConfigurationDelegate : Finished Spring Data repository scanning in 66 ms. Found 2 MongoDB repository interfaces.
2023-06-17 22:15:21.015  INFO [reservation-ms,,] 5048 --- [main] o.s.cloud.context.scope.GenericScope     : BeanFactory id=8742ee29-bda3-38c1-9ab2-955d6f7d0e0b
2023-06-17 22:15:21.716  INFO [reservation-ms,,] 5048 --- [main] o.s.b.w.embedded.tomcat.TomcatWebServer  : Tomcat initialized with port(s): 8084 (http)
2023-06-17 22:15:21.725  INFO [reservation-ms,,] 5048 --- [main] o.apache.catalina.core.StandardService   : Starting service [Tomcat]
2023-06-17 22:15:21.726  INFO [reservation-ms,,] 5048 --- [main] org.apache.catalina.core.StandardEngine  : Starting Servlet engine: [Apache Tomcat/9.0.60]
2023-06-17 22:15:21.870  INFO [reservation-ms,,] 5048 --- [main] o.a.c.c.C.[Tomcat].[localhost].[/]       : Initializing Spring embedded WebApplicationContext
2023-06-17 22:15:21.870  INFO [reservation-ms,,] 5048 --- [main] w.s.c.ServletWebServerApplicationContext : Root WebApplicationContext: initialization completed in 2135 ms
2023-06-17 22:15:22.732  INFO [reservation-ms,,] 5048 --- [main] org.mongodb.driver.cluster               : Cluster created with settings {hosts=[127.0.0.1:27017], srvHost=cluster0.6nsw30j.mongodb.net, mode=MULTIPLE, requiredClusterType=REPLICA_SET, serverSelectionTimeout='30000 ms', requiredReplicaSetName='atlas-12ttyb-shard-0'}
2023-06-17 22:15:22.772  INFO [reservation-ms,,] 5048 --- [cluster-ClusterId{value='648e145a7411a82b012caf65', description='null'}-srv-cluster0.6nsw30j.mongodb.net] org.mongodb.driver.cluster               : Adding discovered server ac-kqsdrzl-shard-00-01.6nsw30j.mongodb.net:27017 to client view of cluster
2023-06-17 22:15:22.822  INFO [reservation-ms,,] 5048 --- [cluster-ClusterId{value='648e145a7411a82b012caf65', description='null'}-srv-cluster0.6nsw30j.mongodb.net] org.mongodb.driver.cluster               : Adding discovered server ac-kqsdrzl-shard-00-00.6nsw30j.mongodb.net:27017 to client view of cluster
2023-06-17 22:15:22.824  INFO [reservation-ms,,] 5048 --- [cluster-ClusterId{value='648e145a7411a82b012caf65', description='null'}-srv-cluster0.6nsw30j.mongodb.net] org.mongodb.driver.cluster               : Adding discovered server ac-kqsdrzl-shard-00-02.6nsw30j.mongodb.net:27017 to client view of cluster
2023-06-17 22:15:23.736  INFO [reservation-ms,,] 5048 --- [cluster-rtt-ClusterId{value='648e145a7411a82b012caf65', description='null'}-ac-kqsdrzl-shard-00-00.6nsw30j.mongodb.net:27017] org.mongodb.driver.connection            : Opened connection [connectionId{localValue:4, serverValue:74375}] to ac-kqsdrzl-shard-00-00.6nsw30j.mongodb.net:27017
2023-06-17 22:15:23.736  INFO [reservation-ms,,] 5048 --- [cluster-rtt-ClusterId{value='648e145a7411a82b012caf65', description='null'}-ac-kqsdrzl-shard-00-02.6nsw30j.mongodb.net:27017] org.mongodb.driver.connection            : Opened connection [connectionId{localValue:3, serverValue:70150}] to ac-kqsdrzl-shard-00-02.6nsw30j.mongodb.net:27017
2023-06-17 22:15:23.736  INFO [reservation-ms,,] 5048 --- [cluster-ClusterId{value='648e145a7411a82b012caf65', description='null'}-ac-kqsdrzl-shard-00-02.6nsw30j.mongodb.net:27017] org.mongodb.driver.connection            : Opened connection [connectionId{localValue:1, serverValue:70152}] to ac-kqsdrzl-shard-00-02.6nsw30j.mongodb.net:27017
2023-06-17 22:15:23.736  INFO [reservation-ms,,] 5048 --- [cluster-ClusterId{value='648e145a7411a82b012caf65', description='null'}-ac-kqsdrzl-shard-00-00.6nsw30j.mongodb.net:27017] org.mongodb.driver.connection            : Opened connection [connectionId{localValue:2, serverValue:74376}] to ac-kqsdrzl-shard-00-00.6nsw30j.mongodb.net:27017
2023-06-17 22:15:23.736  INFO [reservation-ms,,] 5048 --- [cluster-ClusterId{value='648e145a7411a82b012caf65', description='null'}-ac-kqsdrzl-shard-00-01.6nsw30j.mongodb.net:27017] org.mongodb.driver.connection            : Opened connection [connectionId{localValue:5, serverValue:75574}] to ac-kqsdrzl-shard-00-01.6nsw30j.mongodb.net:27017
2023-06-17 22:15:23.736  INFO [reservation-ms,,] 5048 --- [cluster-rtt-ClusterId{value='648e145a7411a82b012caf65', description='null'}-ac-kqsdrzl-shard-00-01.6nsw30j.mongodb.net:27017] org.mongodb.driver.connection            : Opened connection [connectionId{localValue:6, serverValue:75604}] to ac-kqsdrzl-shard-00-01.6nsw30j.mongodb.net:27017
2023-06-17 22:15:23.737  INFO [reservation-ms,,] 5048 --- [cluster-ClusterId{value='648e145a7411a82b012caf65', description='null'}-ac-kqsdrzl-shard-00-02.6nsw30j.mongodb.net:27017] org.mongodb.driver.cluster               : Monitor thread successfully connected to server with description ServerDescription{address=ac-kqsdrzl-shard-00-02.6nsw30j.mongodb.net:27017, type=REPLICA_SET_SECONDARY, state=CONNECTED, ok=true, minWireVersion=0, maxWireVersion=17, maxDocumentSize=16777216, logicalSessionTimeoutMinutes=30, roundTripTimeNanos=535108500, setName='atlas-12ttyb-shard-0', canonicalAddress=ac-kqsdrzl-shard-00-02.6nsw30j.mongodb.net:27017, hosts=[ac-kqsdrzl-shard-00-00.6nsw30j.mongodb.net:27017, ac-kqsdrzl-shard-00-01.6nsw30j.mongodb.net:27017, ac-kqsdrzl-shard-00-02.6nsw30j.mongodb.net:27017], passives=[], arbiters=[], primary='ac-kqsdrzl-shard-00-01.6nsw30j.mongodb.net:27017', tagSet=TagSet{[Tag{name='nodeType', value='ELECTABLE'}, Tag{name='provider', value='AWS'}, Tag{name='region', value='US_EAST_1'}, Tag{name='workloadType', value='OPERATIONAL'}]}, electionId=null, setVersion=8, topologyVersion=TopologyVersion{processId=648b2affc1e28e8dc27a184e, counter=3}, lastWriteDate=Sat Jun 17 22:15:26 CEST 2023, lastUpdateTimeNanos=90974339024700}
2023-06-17 22:15:23.737  INFO [reservation-ms,,] 5048 --- [cluster-ClusterId{value='648e145a7411a82b012caf65', description='null'}-ac-kqsdrzl-shard-00-01.6nsw30j.mongodb.net:27017] org.mongodb.driver.cluster               : Monitor thread successfully connected to server with description ServerDescription{address=ac-kqsdrzl-shard-00-01.6nsw30j.mongodb.net:27017, type=REPLICA_SET_PRIMARY, state=CONNECTED, ok=true, minWireVersion=0, maxWireVersion=17, maxDocumentSize=16777216, logicalSessionTimeoutMinutes=30, roundTripTimeNanos=539265300, setName='atlas-12ttyb-shard-0', canonicalAddress=ac-kqsdrzl-shard-00-01.6nsw30j.mongodb.net:27017, hosts=[ac-kqsdrzl-shard-00-00.6nsw30j.mongodb.net:27017, ac-kqsdrzl-shard-00-01.6nsw30j.mongodb.net:27017, ac-kqsdrzl-shard-00-02.6nsw30j.mongodb.net:27017], passives=[], arbiters=[], primary='ac-kqsdrzl-shard-00-01.6nsw30j.mongodb.net:27017', tagSet=TagSet{[Tag{name='nodeType', value='ELECTABLE'}, Tag{name='provider', value='AWS'}, Tag{name='region', value='US_EAST_1'}, Tag{name='workloadType', value='OPERATIONAL'}]}, electionId=7fffffff000000000000018f, setVersion=8, topologyVersion=TopologyVersion{processId=648b29f9565de12fa44adc6d, counter=6}, lastWriteDate=Sat Jun 17 22:15:26 CEST 2023, lastUpdateTimeNanos=90974338886900}
2023-06-17 22:15:23.737  INFO [reservation-ms,,] 5048 --- [cluster-ClusterId{value='648e145a7411a82b012caf65', description='null'}-ac-kqsdrzl-shard-00-00.6nsw30j.mongodb.net:27017] org.mongodb.driver.cluster               : Monitor thread successfully connected to server with description ServerDescription{address=ac-kqsdrzl-shard-00-00.6nsw30j.mongodb.net:27017, type=REPLICA_SET_SECONDARY, state=CONNECTED, ok=true, minWireVersion=0, maxWireVersion=17, maxDocumentSize=16777216, logicalSessionTimeoutMinutes=30, roundTripTimeNanos=539154300, setName='atlas-12ttyb-shard-0', canonicalAddress=ac-kqsdrzl-shard-00-00.6nsw30j.mongodb.net:27017, hosts=[ac-kqsdrzl-shard-00-00.6nsw30j.mongodb.net:27017, ac-kqsdrzl-shard-00-01.6nsw30j.mongodb.net:27017, ac-kqsdrzl-shard-00-02.6nsw30j.mongodb.net:27017], passives=[], arbiters=[], primary='ac-kqsdrzl-shard-00-01.6nsw30j.mongodb.net:27017', tagSet=TagSet{[Tag{name='nodeType', value='ELECTABLE'}, Tag{name='provider', value='AWS'}, Tag{name='region', value='US_EAST_1'}, Tag{name='workloadType', value='OPERATIONAL'}]}, electionId=null, setVersion=8, topologyVersion=TopologyVersion{processId=648b28985b9fb5a48fdf5841, counter=4}, lastWriteDate=Sat Jun 17 22:15:26 CEST 2023, lastUpdateTimeNanos=90974338887000}
2023-06-17 22:15:23.739  INFO [reservation-ms,,] 5048 --- [cluster-ClusterId{value='648e145a7411a82b012caf65', description='null'}-ac-kqsdrzl-shard-00-01.6nsw30j.mongodb.net:27017] org.mongodb.driver.cluster               : Setting max election id to 7fffffff000000000000018f from replica set primary ac-kqsdrzl-shard-00-01.6nsw30j.mongodb.net:27017
2023-06-17 22:15:23.740  INFO [reservation-ms,,] 5048 --- [cluster-ClusterId{value='648e145a7411a82b012caf65', description='null'}-ac-kqsdrzl-shard-00-01.6nsw30j.mongodb.net:27017] org.mongodb.driver.cluster               : Setting max set version to 8 from replica set primary ac-kqsdrzl-shard-00-01.6nsw30j.mongodb.net:27017
2023-06-17 22:15:23.740  INFO [reservation-ms,,] 5048 --- [cluster-ClusterId{value='648e145a7411a82b012caf65', description='null'}-ac-kqsdrzl-shard-00-01.6nsw30j.mongodb.net:27017] org.mongodb.driver.cluster               : Discovered replica set primary ac-kqsdrzl-shard-00-01.6nsw30j.mongodb.net:27017
2023-06-17 22:15:24.584  INFO [reservation-ms,,] 5048 --- [main] o.s.b.a.e.web.EndpointLinksResolver      : Exposing 1 endpoint(s) beneath base path '/actuator'
2023-06-17 22:15:24.634  INFO [reservation-ms,,] 5048 --- [main] o.s.b.w.embedded.tomcat.TomcatWebServer  : Tomcat started on port(s): 8084 (http) with context path ''
2023-06-17 22:15:24.832  INFO [reservation-ms,,] 5048 --- [main] n.d.b.g.s.s.AbstractGrpcServerFactory    : Registered gRPC service: com.vima.gateway.ReservationService, bean: reservationGrpcService, class: com.vima.reservation.grpc_service.ReservationGrpcService
2023-06-17 22:15:24.992  INFO [reservation-ms,,] 5048 --- [main] n.d.b.g.s.s.GrpcServerLifecycle          : gRPC Server started, listening on address: *, port: 9094
2023-06-17 22:15:25.011  INFO [reservation-ms,,] 5048 --- [main] c.v.reservation.ReservationApplication   : Started ReservationApplication in 5.833 seconds (JVM running for 6.254)
2023-06-17 22:19:47.932  INFO [reservation-ms,,] 5048 --- [grpc-default-executor-0] org.mongodb.driver.connection            : Opened connection [connectionId{localValue:7, serverValue:75643}] to ac-kqsdrzl-shard-00-01.6nsw30j.mongodb.net:27017
2023-06-17 22:20:43.601  INFO [reservation-ms,,] 5048 --- [Thread-2] o.s.c.s.a.z.ZipkinAutoConfiguration      : Flushing remaining spans on shutdown
2023-06-17 22:20:43.630  INFO [reservation-ms,,] 5048 --- [SpringApplicationShutdownHook] n.d.b.g.s.s.GrpcServerLifecycle          : gRPC server shutdown.
